2024-05-21 23:50:00:500 [32minfo[39m: [32mSTARTING DAILY JOB CALCULATING USER BALANCE[39m
2024-05-21 23:50:00:500 [32minfo[39m: [32mSTART CALCULATE MONTHLY BALANCE[39m
2024-05-21 23:50:00:500 [32minfo[39m: [32mTOTAL USERS[39m
2024-05-21 23:50:00:500 [32minfo[39m: [32mEMPTY MONTHLY WORKERS[39m
2024-05-21 23:50:00:500 [32minfo[39m: [32mEND DAILY JOB CALCULATING USER BALANCE[39m
2024-05-21 23:51:00:510 [32minfo[39m: [32mSTARTING DAILY JOB CALCULATING USER BALANCE[39m
2024-05-21 23:51:00:510 [32minfo[39m: [32mSTART CALCULATE MONTHLY BALANCE[39m
2024-05-21 23:51:00:510 [32minfo[39m: [32mTOTAL USERS[39m
2024-05-21 23:51:00:510 [32minfo[39m: [32mEMPTY MONTHLY WORKERS[39m
2024-05-21 23:51:00:510 [32minfo[39m: [32mEND DAILY JOB CALCULATING USER BALANCE[39m
2024-05-21 23:52:00:520 [32minfo[39m: [32mSTARTING DAILY JOB CALCULATING USER BALANCE[39m
2024-05-21 23:52:00:520 [32minfo[39m: [32mSTART CALCULATE MONTHLY BALANCE[39m
2024-05-21 23:52:00:520 [32minfo[39m: [32mTOTAL USERS[39m
2024-05-21 23:52:00:520 [32minfo[39m: [32mEMPTY MONTHLY WORKERS[39m
2024-05-21 23:52:00:520 [32minfo[39m: [32mEND DAILY JOB CALCULATING USER BALANCE[39m
2024-05-21 23:53:00:530 [32minfo[39m: [32mSTARTING DAILY JOB CALCULATING USER BALANCE[39m
2024-05-21 23:53:00:530 [32minfo[39m: [32mSTART CALCULATE MONTHLY BALANCE[39m
2024-05-21 23:53:00:530 [32minfo[39m: [32mSTART CALCULATE DAILY BALANCE[39m
2024-05-21 23:53:00:530 [32minfo[39m: [32mTOTAL USERS[39m
2024-05-21 23:53:00:530 [32minfo[39m: [32mEMPTY MONTHLY WORKERS[39m
2024-05-21 23:53:00:530 [32minfo[39m: [32mEMPTY DAILY WORKERS[39m
2024-05-21 23:53:00:530 [32minfo[39m: [32mEND DAILY JOB CALCULATING USER BALANCE[39m
2024-05-21 23:54:00:540 [32minfo[39m: [32mSTARTING DAILY JOB CALCULATING USER BALANCE[39m
2024-05-21 23:54:00:540 [32minfo[39m: [32mSTART CALCULATE MONTHLY BALANCE[39m
2024-05-21 23:54:00:540 [32minfo[39m: [32mSTART CALCULATE DAILY BALANCE[39m
2024-05-21 23:54:00:540 [32minfo[39m: [32mTOTAL USERS[39m
2024-05-21 23:54:00:540 [32minfo[39m: [32mEMPTY MONTHLY WORKERS[39m
2024-05-21 23:54:00:540 [32minfo[39m: [32mEMPTY DAILY WORKERS[39m
2024-05-21 23:54:00:540 [32minfo[39m: [32mEND DAILY JOB CALCULATING USER BALANCE[39m
2024-05-21 23:55:00:550 [32minfo[39m: [32mSTARTING DAILY JOB CALCULATING USER BALANCE[39m
2024-05-21 23:55:00:550 [32minfo[39m: [32mSTART CALCULATE MONTHLY BALANCE[39m
2024-05-21 23:55:00:550 [32minfo[39m: [32mSTART CALCULATE DAILY BALANCE[39m
2024-05-21 23:55:00:550 [32minfo[39m: [32mTOTAL USERS[39m
2024-05-21 23:55:00:550 [32minfo[39m: [32mEMPTY MONTHLY WORKERS[39m
2024-05-21 23:55:00:550 [32minfo[39m: [32mEMPTY DAILY WORKERS[39m
2024-05-21 23:55:00:550 [32minfo[39m: [32mEND DAILY JOB CALCULATING USER BALANCE[39m
2024-05-21 23:56:00:560 [32minfo[39m: [32mSTARTING DAILY JOB CALCULATING USER BALANCE[39m
2024-05-21 23:56:00:560 [32minfo[39m: [32mSTART CALCULATE MONTHLY BALANCE[39m
2024-05-21 23:56:00:560 [32minfo[39m: [32mSTART CALCULATE DAILY BALANCE[39m
2024-05-21 23:56:00:560 [32minfo[39m: [32mTOTAL USERS[39m
2024-05-21 23:56:00:560 [32minfo[39m: [32mEMPTY MONTHLY WORKERS[39m
2024-05-21 23:56:00:560 [32minfo[39m: [32mEMPTY DAILY WORKERS[39m
2024-05-21 23:56:00:560 [32minfo[39m: [32mEND DAILY JOB CALCULATING USER BALANCE[39m
2024-05-21 23:57:00:570 [32minfo[39m: [32mSTARTING DAILY JOB CALCULATING USER BALANCE[39m
2024-05-21 23:57:00:570 [32minfo[39m: [32mSTART CALCULATE MONTHLY BALANCE[39m
2024-05-21 23:57:00:570 [32minfo[39m: [32mSTART CALCULATE DAILY BALANCE[39m
2024-05-21 23:57:00:570 [32minfo[39m: [32mTOTAL USERS[39m
2024-05-21 23:57:00:570 [32minfo[39m: [32mEMPTY MONTHLY WORKERS[39m
2024-05-21 23:57:00:570 [32minfo[39m: [32mEMPTY DAILY WORKERS[39m
2024-05-21 23:57:00:570 [32minfo[39m: [32mEND DAILY JOB CALCULATING USER BALANCE[39m
